#
# A fatal error has been detected by the Java Runtime Environment:
#
#  EXCEPTION_ACCESS_VIOLATION (0xc0000005) at pc=0x000000007110b5db, pid=6448, tid=6760
#
# JRE version: Java(TM) SE Runtime Environment (16.0.1+9) (build 16.0.1+9-24)
# Java VM: Java HotSpot(TM) 64-Bit Server VM (16.0.1+9-24, mixed mode, sharing, tiered, compressed oops, compressed class ptrs, g1 gc, windows-amd64)
# Problematic frame:
# C  [jSSC-2.8_x86_64.dll+0xb5db]
#
# No core dump will be written. Minidumps are not enabled by default on client versions of Windows
#
# If you would like to submit a bug report, please visit:
#   https://bugreport.java.com/bugreport/crash.jsp
# The crash happened outside the Java Virtual Machine in native code.
# See problematic frame for where to report the bug.
#

---------------  S U M M A R Y ------------

Command Line: -XX:TieredStopAtLevel=1 -Xverify:none -Dspring.output.ansi.enabled=always -javaagent:C:\Program Files\JetBrains\IntelliJ IDEA 2021.1.2\lib\idea_rt.jar=63728:C:\Program Files\JetBrains\IntelliJ IDEA 2021.1.2\bin -Dcom.sun.management.jmxremote -Dspring.jmx.enabled=true -Dspring.liveBeansView.mbeanDomain -Dspring.application.admin.enabled=true -Dfile.encoding=UTF-8 com.cos.shumstart.ShumStartApplication

Host: AMD Ryzen 5 5600X 6-Core Processor             , 12 cores, 15G,  Windows 10 , 64 bit Build 19041 (10.0.19041.1348)
Time: Mon Nov 29 21:40:33 2021  Windows 10 , 64 bit Build 19041 (10.0.19041.1348) elapsed time: 40.345887 seconds (0d 0h 0m 40s)

---------------  T H R E A D  ---------------

Current thread (0x000001a35c1ca9c0):  JavaThread "http-nio-8081-exec-8" daemon [_thread_in_native, id=6760, stack(0x0000008462600000,0x0000008462700000)]

Stack: [0x0000008462600000,0x0000008462700000],  sp=0x00000084626fae90,  free space=1003k
Native frames: (J=compiled Java code, j=interpreted, Vv=VM code, C=native code)
C  [jSSC-2.8_x86_64.dll+0xb5db]

Java frames: (J=compiled Java code, j=interpreted, Vv=VM code)
j  jssc.SerialNativeInterface.openPort(Ljava/lang/String;Z)J+0
j  jssc.SerialPort.openPort()Z+65
j  com.cos.shumstart.web.MainController.get_umbrella_info(Ljava/lang/String;Lcom/cos/shumstart/config/auth/PrincipalDetails;Lorg/springframework/ui/Model;)V+151
v  ~StubRoutines::call_stub
J 2619  jdk.internal.reflect.NativeMethodAccessorImpl.invoke0(Ljava/lang/reflect/Method;Ljava/lang/Object;[Ljava/lang/Object;)Ljava/lang/Object; java.base@16.0.1 (0 bytes) @ 0x000001a33bf7fbcf [0x000001a33bf7fb40+0x000000000000008f]
J 2618 c1 jdk.internal.reflect.NativeMethodAccessorImpl.invoke(Ljava/lang/Object;[Ljava/lang/Object;)Ljava/lang/Object; java.base@16.0.1 (150 bytes) @ 0x000001a33bf8508c [0x000001a33bf84ca0+0x00000000000003ec]
J 2505 c1 jdk.internal.reflect.DelegatingMethodAccessorImpl.invoke(Ljava/lang/Object;[Ljava/lang/Object;)Ljava/lang/Object; java.base@16.0.1 (10 bytes) @ 0x000001a33bf4ef84 [0x000001a33bf4ef40+0x0000000000000044]
J 2517 c1 java.lang.reflect.Method.invoke(Ljava/lang/Object;[Ljava/lang/Object;)Ljava/lang/Object; java.base@16.0.1 (65 bytes) @ 0x000001a33bf52874 [0x000001a33bf52760+0x0000000000000114]
j  org.springframework.web.method.support.InvocableHandlerMethod.doInvoke([Ljava/lang/Object;)Ljava/lang/Object;+32
j  org.springframework.web.method.support.InvocableHandlerMethod.invokeForRequest(Lorg/springframework/web/context/request/NativeWebRequest;Lorg/springframework/web/method/support/ModelAndViewContainer;[Ljava/lang/Object;)Ljava/lang/Object;+54
j  org.springframework.web.servlet.mvc.method.annotation.ServletInvocableHandlerMethod.invokeAndHandle(Lorg/springframework/web/context/request/ServletWebRequest;Lorg/springframework/web/method/support/ModelAndViewContainer;[Ljava/lang/Object;)V+4
j  org.springframework.web.servlet.mvc.method.annotation.RequestMappingHandlerAdapter.invokeHandlerMethod(Ljavax/servlet/http/HttpServletRequest;Ljavax/servlet/http/HttpServletResponse;Lorg/springframework/web/method/HandlerMethod;)Lorg/springframework/web/servlet/ModelAndView;+244
j  org.springframework.web.servlet.mvc.method.annotation.RequestMappingHandlerAdapter.handleInternal(Ljavax/servlet/http/HttpServletRequest;Ljavax/servlet/http/HttpServletResponse;Lorg/springframework/web/method/HandlerMethod;)Lorg/springframework/web/servlet/ModelAndView;+81
j  org.springframework.web.servlet.mvc.method.AbstractHandlerMethodAdapter.handle(Ljavax/servlet/http/HttpServletRequest;Ljavax/servlet/http/HttpServletResponse;Ljava/lang/Object;)Lorg/springframework/web/servlet/ModelAndView;+7
j  org.springframework.web.servlet.DispatcherServlet.doDispatch(Ljavax/servlet/http/HttpServletRequest;Ljavax/servlet/http/HttpServletResponse;)V+257
j  org.springframework.web.servlet.DispatcherServlet.doService(Ljavax/servlet/http/HttpServletRequest;Ljavax/servlet/http/HttpServletResponse;)V+241
j  org.springframework.web.servlet.FrameworkServlet.processRequest(Ljavax/servlet/http/HttpServletRequest;Ljavax/servlet/http/HttpServletResponse;)V+71
j  org.springframework.web.servlet.FrameworkServlet.doPost(Ljavax/servlet/http/HttpServletRequest;Ljavax/servlet/http/HttpServletResponse;)V+3
j  javax.servlet.http.HttpServlet.service(Ljavax/servlet/http/HttpServletRequest;Ljavax/servlet/http/HttpServletResponse;)V+149
j  org.springframework.web.servlet.FrameworkServlet.service(Ljavax/servlet/http/HttpServletRequest;Ljavax/servlet/http/HttpServletResponse;)V+33
j  javax.servlet.http.HttpServlet.service(Ljavax/servlet/ServletRequest;Ljavax/servlet/ServletResponse;)V+36
J 7565 c1 org.apache.catalina.core.ApplicationFilterChain.internalDoFilter(Ljavax/servlet/ServletRequest;Ljavax/servlet/ServletResponse;)V (388 bytes) @ 0x000001a33c83e1c4 [0x000001a33c83df80+0x0000000000000244]
J 7568 c1 org.apache.catalina.core.ApplicationFilterChain.doFilter(Ljavax/servlet/ServletRequest;Ljavax/servlet/ServletResponse;)V (103 bytes) @ 0x000001a33c83f654 [0x000001a33c83f620+0x0000000000000034]
j  org.apache.tomcat.websocket.server.WsFilter.doFilter(Ljavax/servlet/ServletRequest;Ljavax/servlet/ServletResponse;Ljavax/servlet/FilterChain;)V+21
J 7565 c1 org.apache.catalina.core.ApplicationFilterChain.internalDoFilter(Ljavax/servlet/ServletRequest;Ljavax/servlet/ServletResponse;)V (388 bytes) @ 0x000001a33c83e414 [0x000001a33c83df80+0x0000000000000494]
J 7568 c1 org.apache.catalina.core.ApplicationFilterChain.doFilter(Ljavax/servlet/ServletRequest;Ljavax/servlet/ServletResponse;)V (103 bytes) @ 0x000001a33c83f654 [0x000001a33c83f620+0x0000000000000034]
J 7412 c1 org.springframework.security.web.FilterChainProxy$VirtualFilterChain.doFilter(Ljavax/servlet/ServletRequest;Ljavax/servlet/ServletResponse;)V (142 bytes) @ 0x000001a33c7f3a1c [0x000001a33c7f33c0+0x000000000000065c]
j  org.springframework.security.web.access.intercept.FilterSecurityInterceptor.invoke(Lorg/springframework/security/web/FilterInvocation;)V+79
j  org.springframework.security.web.access.intercept.FilterSecurityInterceptor.doFilter(Ljavax/servlet/ServletRequest;Ljavax/servlet/ServletResponse;Ljavax/servlet/FilterChain;)V+11
J 7412 c1 org.springframework.security.web.FilterChainProxy$VirtualFilterChain.doFilter(Ljavax/servlet/ServletRequest;Ljavax/servlet/ServletResponse;)V (142 bytes) @ 0x000001a33c7f396c [0x000001a33c7f33c0+0x00000000000005ac]
j  org.springframework.security.web.access.ExceptionTranslationFilter.doFilter(Ljavax/servlet/http/HttpServletRequest;Ljavax/servlet/http/HttpServletResponse;Ljavax/servlet/FilterChain;)V+3
j  org.springframework.security.web.access.ExceptionTranslationFilter.doFilter(Ljavax/servlet/ServletRequest;Ljavax/servlet/ServletResponse;Ljavax/servlet/FilterChain;)V+10
J 7412 c1 org.springframework.security.web.FilterChainProxy$VirtualFilterChain.doFilter(Ljavax/servlet/ServletRequest;Ljavax/servlet/ServletResponse;)V (142 bytes) @ 0x000001a33c7f396c [0x000001a33c7f33c0+0x00000000000005ac]
j  org.springframework.security.web.session.SessionManagementFilter.doFilter(Ljavax/servlet/http/HttpServletRequest;Ljavax/servlet/http/HttpServletResponse;Ljavax/servlet/FilterChain;)V+210
j  org.springframework.security.web.session.SessionManagementFilter.doFilter(Ljavax/servlet/ServletRequest;Ljavax/servlet/ServletResponse;Ljavax/servlet/FilterChain;)V+10
J 7412 c1 org.springframework.security.web.FilterChainProxy$VirtualFilterChain.doFilter(Ljavax/servlet/ServletRequest;Ljavax/servlet/ServletResponse;)V (142 bytes) @ 0x000001a33c7f396c [0x000001a33c7f33c0+0x00000000000005ac]
j  org.springframework.security.web.authentication.AnonymousAuthenticationFilter.doFilter(Ljavax/servlet/ServletRequest;Ljavax/servlet/ServletResponse;Ljavax/servlet/FilterChain;)V+105
J 7412 c1 org.springframework.security.web.FilterChainProxy$VirtualFilterChain.doFilter(Ljavax/servlet/ServletRequest;Ljavax/servlet/ServletResponse;)V (142 bytes) @ 0x000001a33c7f396c [0x000001a33c7f33c0+0x00000000000005ac]
j  org.springframework.security.web.servletapi.SecurityContextHolderAwareRequestFilter.doFilter(Ljavax/servlet/ServletRequest;Ljavax/servlet/ServletResponse;Ljavax/servlet/FilterChain;)V+19
J 7412 c1 org.springframework.security.web.FilterChainProxy$VirtualFilterChain.doFilter(Ljavax/servlet/ServletRequest;Ljavax/servlet/ServletResponse;)V (142 bytes) @ 0x000001a33c7f396c [0x000001a33c7f33c0+0x00000000000005ac]
j  org.springframework.security.web.savedrequest.RequestCacheAwareFilter.doFilter(Ljavax/servlet/ServletRequest;Ljavax/servlet/ServletResponse;Ljavax/servlet/FilterChain;)V+32
J 7412 c1 org.springframework.security.web.FilterChainProxy$VirtualFilterChain.doFilter(Ljavax/servlet/ServletRequest;Ljavax/servlet/ServletResponse;)V (142 bytes) @ 0x000001a33c7f396c [0x000001a33c7f33c0+0x00000000000005ac]
j  org.springframework.security.web.authentication.AbstractAuthenticationProcessingFilter.doFilter(Ljavax/servlet/http/HttpServletRequest;Ljavax/servlet/http/HttpServletResponse;Ljavax/servlet/FilterChain;)V+12
j  org.springframework.security.web.authentication.AbstractAuthenticationProcessingFilter.doFilter(Ljavax/servlet/ServletRequest;Ljavax/servlet/ServletResponse;Ljavax/servlet/FilterChain;)V+10
J 7412 c1 org.springframework.security.web.FilterChainProxy$VirtualFilterChain.doFilter(Ljavax/servlet/ServletRequest;Ljavax/servlet/ServletResponse;)V (142 bytes) @ 0x000001a33c7f396c [0x000001a33c7f33c0+0x00000000000005ac]
j  org.springframework.security.web.authentication.logout.LogoutFilter.doFilter(Ljavax/servlet/http/HttpServletRequest;Ljavax/servlet/http/HttpServletResponse;Ljavax/servlet/FilterChain;)V+77
j  org.springframework.security.web.authentication.logout.LogoutFilter.doFilter(Ljavax/servlet/ServletRequest;Ljavax/servlet/ServletResponse;Ljavax/servlet/FilterChain;)V+10
J 7412 c1 org.springframework.security.web.FilterChainProxy$VirtualFilterChain.doFilter(Ljavax/servlet/ServletRequest;Ljavax/servlet/ServletResponse;)V (142 bytes) @ 0x000001a33c7f396c [0x000001a33c7f33c0+0x00000000000005ac]
j  org.springframework.security.web.header.HeaderWriterFilter.doHeadersAfter(Ljavax/servlet/http/HttpServletRequest;Ljavax/servlet/http/HttpServletResponse;Ljavax/servlet/FilterChain;)V+29
j  org.springframework.security.web.header.HeaderWriterFilter.doFilterInternal(Ljavax/servlet/http/HttpServletRequest;Ljavax/servlet/http/HttpServletResponse;Ljavax/servlet/FilterChain;)V+21
J 7903 c1 org.springframework.web.filter.OncePerRequestFilter.doFilter(Ljavax/servlet/ServletRequest;Ljavax/servlet/ServletResponse;Ljavax/servlet/FilterChain;)V (175 bytes) @ 0x000001a33c9135ec [0x000001a33c913280+0x000000000000036c]
J 7412 c1 org.springframework.security.web.FilterChainProxy$VirtualFilterChain.doFilter(Ljavax/servlet/ServletRequest;Ljavax/servlet/ServletResponse;)V (142 bytes) @ 0x000001a33c7f396c [0x000001a33c7f33c0+0x00000000000005ac]
j  org.springframework.security.web.context.SecurityContextPersistenceFilter.doFilter(Ljavax/servlet/http/HttpServletRequest;Ljavax/servlet/http/HttpServletResponse;Ljavax/servlet/FilterChain;)V+181
j  org.springframework.security.web.context.SecurityContextPersistenceFilter.doFilter(Ljavax/servlet/ServletRequest;Ljavax/servlet/ServletResponse;Ljavax/servlet/FilterChain;)V+10
J 7412 c1 org.springframework.security.web.FilterChainProxy$VirtualFilterChain.doFilter(Ljavax/servlet/ServletRequest;Ljavax/servlet/ServletResponse;)V (142 bytes) @ 0x000001a33c7f396c [0x000001a33c7f33c0+0x00000000000005ac]
j  org.springframework.security.web.context.request.async.WebAsyncManagerIntegrationFilter.doFilterInternal(Ljavax/servlet/http/HttpServletRequest;Ljavax/servlet/http/HttpServletResponse;Ljavax/servlet/FilterChain;)V+42
J 7903 c1 org.springframework.web.filter.OncePerRequestFilter.doFilter(Ljavax/servlet/ServletRequest;Ljavax/servlet/ServletResponse;Ljavax/servlet/FilterChain;)V (175 bytes) @ 0x000001a33c9135ec [0x000001a33c913280+0x000000000000036c]
J 7412 c1 org.springframework.security.web.FilterChainProxy$VirtualFilterChain.doFilter(Ljavax/servlet/ServletRequest;Ljavax/servlet/ServletResponse;)V (142 bytes) @ 0x000001a33c7f396c [0x000001a33c7f33c0+0x00000000000005ac]
j  org.springframework.security.web.FilterChainProxy.doFilterInternal(Ljavax/servlet/ServletRequest;Ljavax/servlet/ServletResponse;Ljavax/servlet/FilterChain;)V+148
j  org.springframework.security.web.FilterChainProxy.doFilter(Ljavax/servlet/ServletRequest;Ljavax/servlet/ServletResponse;Ljavax/servlet/FilterChain;)V+48
j  org.springframework.web.filter.DelegatingFilterProxy.invokeDelegate(Ljavax/servlet/Filter;Ljavax/servlet/ServletRequest;Ljavax/servlet/ServletResponse;Ljavax/servlet/FilterChain;)V+5
j  org.springframework.web.filter.DelegatingFilterProxy.doFilter(Ljavax/servlet/ServletRequest;Ljavax/servlet/ServletResponse;Ljavax/servlet/FilterChain;)V+85
J 7565 c1 org.apache.catalina.core.ApplicationFilterChain.internalDoFilter(Ljavax/servlet/ServletRequest;Ljavax/servlet/ServletResponse;)V (388 bytes) @ 0x000001a33c83e414 [0x000001a33c83df80+0x0000000000000494]
J 7568 c1 org.apache.catalina.core.ApplicationFilterChain.doFilter(Ljavax/servlet/ServletRequest;Ljavax/servlet/ServletResponse;)V (103 bytes) @ 0x000001a33c83f654 [0x000001a33c83f620+0x0000000000000034]
j  org.springframework.web.filter.RequestContextFilter.doFilterInternal(Ljavax/servlet/http/HttpServletRequest;Ljavax/servlet/http/HttpServletResponse;Ljavax/servlet/FilterChain;)V+21
J 7903 c1 org.springframework.web.filter.OncePerRequestFilter.doFilter(Ljavax/servlet/ServletRequest;Ljavax/servlet/ServletResponse;Ljavax/servlet/FilterChain;)V (175 bytes) @ 0x000001a33c9135ec [0x000001a33c913280+0x000000000000036c]
J 7565 c1 org.apache.catalina.core.ApplicationFilterChain.internalDoFilter(Ljavax/servlet/ServletRequest;Ljavax/servlet/ServletResponse;)V (388 bytes) @ 0x000001a33c83e414 [0x000001a33c83df80+0x0000000000000494]
J 7568 c1 org.apache.catalina.core.ApplicationFilterChain.doFilter(Ljavax/servlet/ServletRequest;Ljavax/servlet/ServletResponse;)V (103 bytes) @ 0x000001a33c83f654 [0x000001a33c83f620+0x0000000000000034]
j  org.springframework.web.filter.FormContentFilter.doFilterInternal(Ljavax/servlet/http/HttpServletRequest;Ljavax/servlet/http/HttpServletResponse;Ljavax/servlet/FilterChain;)V+38
J 7903 c1 org.springframework.web.filter.OncePerRequestFilter.doFilter(Ljavax/servlet/ServletRequest;Ljavax/servlet/ServletResponse;Ljavax/servlet/FilterChain;)V (175 bytes) @ 0x000001a33c9135ec [0x000001a33c913280+0x000000000000036c]
J 7565 c1 org.apache.catalina.core.ApplicationFilterChain.internalDoFilter(Ljavax/servlet/ServletRequest;Ljavax/servlet/ServletResponse;)V (388 bytes) @ 0x000001a33c83e414 [0x000001a33c83df80+0x0000000000000494]
J 7568 c1 org.apache.catalina.core.ApplicationFilterChain.doFilter(Ljavax/servlet/ServletRequest;Ljavax/servlet/ServletResponse;)V (103 bytes) @ 0x000001a33c83f654 [0x000001a33c83f620+0x0000000000000034]
j  org.springframework.web.filter.CharacterEncodingFilter.doFilterInternal(Ljavax/servlet/http/HttpServletRequest;Ljavax/servlet/http/HttpServletResponse;Ljavax/servlet/FilterChain;)V+53
J 7903 c1 org.springframework.web.filter.OncePerRequestFilter.doFilter(Ljavax/servlet/ServletRequest;Ljavax/servlet/ServletResponse;Ljavax/servlet/FilterChain;)V (175 bytes) @ 0x000001a33c9135ec [0x000001a33c913280+0x000000000000036c]
J 7565 c1 org.apache.catalina.core.ApplicationFilterChain.internalDoFilter(Ljavax/servlet/ServletRequest;Ljavax/servlet/ServletResponse;)V (388 bytes) @ 0x000001a33c83e414 [0x000001a33c83df80+0x0000000000000494]
J 7568 c1 org.apache.catalina.core.ApplicationFilterChain.doFilter(Ljavax/servlet/ServletRequest;Ljavax/servlet/ServletResponse;)V (103 bytes) @ 0x000001a33c83f654 [0x000001a33c83f620+0x0000000000000034]
j  org.apache.catalina.core.StandardWrapperValve.invoke(Lorg/apache/catalina/connector/Request;Lorg/apache/catalina/connector/Response;)V+694
j  org.apache.catalina.core.StandardContextValve.invoke(Lorg/apache/catalina/connector/Request;Lorg/apache/catalina/connector/Response;)V+169
j  org.apache.catalina.authenticator.AuthenticatorBase.invoke(Lorg/apache/catalina/connector/Request;Lorg/apache/catalina/connector/Response;)V+260
j  org.apache.catalina.core.StandardHostValve.invoke(Lorg/apache/catalina/connector/Request;Lorg/apache/catalina/connector/Response;)V+128
j  org.apache.catalina.valves.ErrorReportValve.invoke(Lorg/apache/catalina/connector/Request;Lorg/apache/catalina/connector/Response;)V+6
j  org.apache.catalina.core.StandardEngineValve.invoke(Lorg/apache/catalina/connector/Request;Lorg/apache/catalina/connector/Response;)V+59
j  org.apache.catalina.connector.CoyoteAdapter.service(Lorg/apache/coyote/Request;Lorg/apache/coyote/Response;)V+199
j  org.apache.coyote.http11.Http11Processor.service(Lorg/apache/tomcat/util/net/SocketWrapperBase;)Lorg/apache/tomcat/util/net/AbstractEndpoint$Handler$SocketState;+737
j  org.apache.coyote.AbstractProcessorLight.process(Lorg/apache/tomcat/util/net/SocketWrapperBase;Lorg/apache/tomcat/util/net/SocketEvent;)Lorg/apache/tomcat/util/net/AbstractEndpoint$Handler$SocketState;+170
j  org.apache.coyote.AbstractProtocol$ConnectionHandler.process(Lorg/apache/tomcat/util/net/SocketWrapperBase;Lorg/apache/tomcat/util/net/SocketEvent;)Lorg/apache/tomcat/util/net/AbstractEndpoint$Handler$SocketState;+505
j  org.apache.tomcat.util.net.NioEndpoint$SocketProcessor.doRun()V+216
j  org.apache.tomcat.util.net.SocketProcessorBase.run()V+21
j  java.util.concurrent.ThreadPoolExecutor.runWorker(Ljava/util/concurrent/ThreadPoolExecutor$Worker;)V+92 java.base@16.0.1
j  java.util.concurrent.ThreadPoolExecutor$Worker.run()V+5 java.base@16.0.1
j  org.apache.tomcat.util.threads.TaskThread$WrappingRunnable.run()V+4
j  java.lang.Thread.run()V+11 java.base@16.0.1
v  ~StubRoutines::call_stub

siginfo: EXCEPTION_ACCESS_VIOLATION (0xc0000005), reading address 0x0000000032601fa3


Register to memory mapping:

RIP=0x000000007110b5db jSSC-2.8_x86_64.dll
RAX=0x0000000032601fa3 is an unknown value
RBX=0x00000084626faf00 is pointing into the stack for thread: 0x000001a35c1ca9c0
RCX=0x00007ffa7baacf54 ntdll.dll
RDX=0x0 is NULL
RSP=0x00000084626fae90 is pointing into the stack for thread: 0x000001a35c1ca9c0
RBP=0x00000084626fb010 is pointing into the stack for thread: 0x000001a35c1ca9c0
RSI=0x000001a35c1cacd0 points into unknown readable memory: 0x00007ffa1ca133d0 | d0 33 a1 1c fa 7f 00 00
RDI=0x0000000000000a28 is an unknown value
R8 =0x00000084626fad88 is pointing into the stack for thread: 0x000001a35c1ca9c0
R9 =0x00000084626fae80 is pointing into the stack for thread: 0x000001a35c1ca9c0
R10=0x0 is NULL
R11=0x0000000000000246 is an unknown value
R12=0x00000084626fb0d0 is pointing into the stack for thread: 0x000001a35c1ca9c0
R13=0x000001a3580da1e0 points into unknown readable memory: 0x000000000000005c | 5c 00 00 00 00 00 00 00
R14=0x00000084626fafc0 is pointing into the stack for thread: 0x000001a35c1ca9c0
R15=0x000001a35c1ca9c0 is a thread


Registers:
RAX=0x0000000032601fa3, RBX=0x00000084626faf00, RCX=0x00007ffa7baacf54, RDX=0x0000000000000000
RSP=0x00000084626fae90, RBP=0x00000084626fb010, RSI=0x000001a35c1cacd0, RDI=0x0000000000000a28
R8 =0x00000084626fad88, R9 =0x00000084626fae80, R10=0x0000000000000000, R11=0x0000000000000246
R12=0x00000084626fb0d0, R13=0x000001a3580da1e0, R14=0x00000084626fafc0, R15=0x000001a35c1ca9c0
RIP=0x000000007110b5db, EFLAGS=0x0000000000010202

Top of Stack: (sp=0x00000084626fae90)
0x00000084626fae90:   000001a358092ec0 000001a3580da150
0x00000084626faea0:   000000007110b230 000001a3322a0000
0x00000084626faeb0:   000001a3323a0000 0000000000000004
0x00000084626faec0:   000001a35c1cacd0 0000000000000a28
0x00000084626faed0:   00000084626fb010 0000000071112590
0x00000084626faee0:   000001a35c1ca9c0 00000084626fafc0
0x00000084626faef0:   000001a3580da1e0 00000084626fb0d0
0x00000084626faf00:   000001a3580da1e0 00007ffa7ba347b1
0x00000084626faf10:   00000084626faf40 000001a3322a0000
0x00000084626faf20:   00000084626fb010 0000000000000000
0x00000084626faf30:   0000000071113500 0000000071113be8
0x00000084626faf40:   00000084626faf70 0000000071112641
0x00000084626faf50:   00000084626faee0 000001a35c1cacd0
0x00000084626faf60:   0000000000000000 0000000000000000
0x00000084626faf70:   00000084626fb010 0000000071101595
0x00000084626faf80:   000000000000001c 000001a300000000 

Instructions: (pc=0x000000007110b5db)
0x000000007110b4db:   48 85 c0 74 bf 44 8b 03 45 85 c0 0f 84 77 ff ff
0x000000007110b4eb:   ff eb 9f 66 90 e8 8b fe ff ff 48 89 05 0c 34 01
0x000000007110b4fb:   00 eb ad 66 90 e8 7b fe ff ff 48 89 05 fc 33 01
0x000000007110b50b:   00 eb 8b e8 8d fe ff ff c7 03 01 00 00 00 e9 6f
0x000000007110b51b:   ff ff ff 66 90 55 48 89 e5 56 53 48 83 ec 20 48
0x000000007110b52b:   8b 05 d7 33 01 00 48 8b 31 48 89 cb 48 85 c0 74
0x000000007110b53b:   56 44 8b 18 45 85 db 78 42 48 8b 05 bd 33 01 00
0x000000007110b54b:   48 85 c0 74 50 44 8b 10 45 85 d2 74 1d 48 89 f1
0x000000007110b55b:   e8 d0 fd ff ff 48 8b 13 48 8d 42 40 48 8b 48 08
0x000000007110b56b:   48 8b 6a 40 48 8b 60 10 ff e1 48 8b 05 9c 33 01
0x000000007110b57b:   00 48 85 c0 74 2d 48 89 30 eb da e8 b5 fe ff ff
0x000000007110b58b:   0f 1f 44 00 00 eb b2 e8 e9 fd ff ff 48 89 05 6a
0x000000007110b59b:   33 01 00 eb 9c e8 db fd ff ff 48 89 05 5c 33 01
0x000000007110b5ab:   00 eb a2 e8 3d fd ff ff 48 89 05 5e 33 01 00 eb
0x000000007110b5bb:   c5 0f 1f 40 00 55 57 56 53 48 83 ec 28 48 8b 05
0x000000007110b5cb:   39 33 01 00 48 89 cb 48 85 c0 0f 84 c5 00 00 00
0x000000007110b5db:   8b 38 85 ff 0f 88 ab 00 00 00 48 8b 05 1c 33 01
0x000000007110b5eb:   00 48 85 c0 0f 84 bc 00 00 00 8b 30 85 f6 74 57
0x000000007110b5fb:   48 8b 05 0e 33 01 00 48 85 c0 0f 84 e5 00 00 00
0x000000007110b60b:   8b 28 48 8b 35 10 5e 01 00 ff d6 89 c7 89 e9 ff
0x000000007110b61b:   15 f4 5e 01 00 89 f9 48 89 c5 ff 15 b9 5e 01 00
0x000000007110b62b:   48 8b 05 de 32 01 00 48 89 2b 48 85 c0 74 46 48
0x000000007110b63b:   89 da 8b 08 ff 15 d7 5e 01 00 85 c0 74 27 48 83
0x000000007110b64b:   c4 28 5b 5e 5f 5d c3 48 8b 05 bf 32 01 00 48 85
0x000000007110b65b:   c0 74 64 48 8b 10 48 89 13 48 89 18 48 83 c4 28
0x000000007110b66b:   5b 5e 5f 5d c3 48 89 f2 48 83 c4 28 5b 5e 5f 5d
0x000000007110b67b:   48 ff e2 66 90 e8 8b fc ff ff 48 89 05 84 32 01
0x000000007110b68b:   00 eb ac 66 90 e8 ab fd ff ff e9 4b ff ff ff 66
0x000000007110b69b:   0f 1f 44 00 00 e8 db fc ff ff 48 89 05 5c 32 01
0x000000007110b6ab:   00 e9 2a ff ff ff e8 ca fc ff ff 48 89 05 4b 32
0x000000007110b6bb:   01 00 e9 33 ff ff ff e8 29 fc ff ff 48 89 05 4a
0x000000007110b6cb:   32 01 00 48 8b 10 48 85 c0 48 89 13 75 8b e8 12 


Stack slot to memory mapping:
stack at sp + 0 slots: 0x000001a358092ec0 points into unknown readable memory: 0x000001a3322bf2e0 | e0 f2 2b 32 a3 01 00 00
stack at sp + 1 slots: 0x000001a3580da150 points into unknown readable memory: 0x000001a35a6757c0 | c0 57 67 5a a3 01 00 00
stack at sp + 2 slots: 0x000000007110b230 jSSC-2.8_x86_64.dll
stack at sp + 3 slots: 0x000001a3322a0000 points into unknown readable memory: 0x0000000000000000 | 00 00 00 00 00 00 00 00
stack at sp + 4 slots: 0x000001a3323a0000 points into unknown readable memory: 0x0000000000000000 | 00 00 00 00 00 00 00 00
stack at sp + 5 slots: 0x0000000000000004 is an unknown value
stack at sp + 6 slots: 0x000001a35c1cacd0 points into unknown readable memory: 0x00007ffa1ca133d0 | d0 33 a1 1c fa 7f 00 00
stack at sp + 7 slots: 0x0000000000000a28 is an unknown value


---------------  P R O C E S S  ---------------

Threads class SMR info:
_java_thread_list=0x000001a35bacfb90, length=35, elements={
0x000001a35753ab50, 0x000001a35753b920, 0x000001a357550560, 0x000001a3575521e0,
0x000001a357555000, 0x000001a357558e10, 0x000001a357559720, 0x000001a357568fb0,
0x000001a357519490, 0x000001a3585c30c0, 0x000001a3585c35e0, 0x000001a3586f73c0,
0x000001a359d47620, 0x000001a359d5d530, 0x000001a35a534100, 0x000001a35a52d620,
0x000001a359e872b0, 0x000001a3598ccdf0, 0x000001a3598cdde0, 0x000001a3598cd340,
0x000001a3598cbe00, 0x000001a3598ce330, 0x000001a3598cc350, 0x000001a3598cc8a0,
0x000001a35c1c9480, 0x000001a35c1cc9a0, 0x000001a35c1cdee0, 0x000001a35c1c99d0,
0x000001a35c1ca9c0, 0x000001a35c1ce980, 0x000001a35c1cd440, 0x000001a35c1ccef0,
0x000001a35c1ce430, 0x000001a35c1c8490, 0x000001a35c1c79f0
}

Java Threads: ( => current thread )
  0x000001a35753ab50 JavaThread "Reference Handler" daemon [_thread_blocked, id=9688, stack(0x000000845f800000,0x000000845f900000)]
  0x000001a35753b920 JavaThread "Finalizer" daemon [_thread_blocked, id=12552, stack(0x000000845f900000,0x000000845fa00000)]
  0x000001a357550560 JavaThread "Signal Dispatcher" daemon [_thread_blocked, id=16488, stack(0x000000845fa00000,0x000000845fb00000)]
  0x000001a3575521e0 JavaThread "Attach Listener" daemon [_thread_blocked, id=12236, stack(0x000000845fb00000,0x000000845fc00000)]
  0x000001a357555000 JavaThread "Service Thread" daemon [_thread_blocked, id=17356, stack(0x000000845fc00000,0x000000845fd00000)]
  0x000001a357558e10 JavaThread "Monitor Deflation Thread" daemon [_thread_blocked, id=15304, stack(0x000000845fd00000,0x000000845fe00000)]
  0x000001a357559720 JavaThread "C1 CompilerThread0" daemon [_thread_blocked, id=18768, stack(0x000000845fe00000,0x000000845ff00000)]
  0x000001a357568fb0 JavaThread "Sweeper thread" daemon [_thread_blocked, id=20056, stack(0x000000845ff00000,0x0000008460000000)]
  0x000001a357519490 JavaThread "Common-Cleaner" daemon [_thread_blocked, id=3400, stack(0x0000008460000000,0x0000008460100000)]
  0x000001a3585c30c0 JavaThread "Monitor Ctrl-Break" daemon [_thread_in_native, id=13420, stack(0x0000008460100000,0x0000008460200000)]
  0x000001a3585c35e0 JavaThread "Notification Thread" daemon [_thread_blocked, id=8044, stack(0x0000008460200000,0x0000008460300000)]
  0x000001a3586f73c0 JavaThread "RMI TCP Accept-0" daemon [_thread_in_native, id=1056, stack(0x0000008460300000,0x0000008460400000)]
  0x000001a359d47620 JavaThread "RMI TCP Connection(idle)" daemon [_thread_blocked, id=4188, stack(0x0000008461000000,0x0000008461100000)]
  0x000001a359d5d530 JavaThread "RMI Scheduler(0)" daemon [_thread_blocked, id=20384, stack(0x0000008461300000,0x0000008461400000)]
  0x000001a35a534100 JavaThread "Catalina-utility-1" [_thread_blocked, id=3596, stack(0x0000008461600000,0x0000008461700000)]
  0x000001a35a52d620 JavaThread "Catalina-utility-2" [_thread_blocked, id=19372, stack(0x0000008461700000,0x0000008461800000)]
  0x000001a359e872b0 JavaThread "container-0" [_thread_blocked, id=13788, stack(0x0000008461800000,0x0000008461900000)]
  0x000001a3598ccdf0 JavaThread "HikariPool-1 housekeeper" daemon [_thread_blocked, id=20016, stack(0x0000008461a00000,0x0000008461b00000)]
  0x000001a3598cdde0 JavaThread "Live Reload Server" daemon [_thread_in_native, id=14804, stack(0x0000008461d00000,0x0000008461e00000)]
  0x000001a3598cd340 JavaThread "File Watcher" daemon [_thread_blocked, id=5172, stack(0x0000008461c00000,0x0000008461d00000)]
  0x000001a3598cbe00 JavaThread "http-nio-8081-BlockPoller" daemon [_thread_in_native, id=16084, stack(0x0000008461e00000,0x0000008461f00000)]
  0x000001a3598ce330 JavaThread "http-nio-8081-exec-1" daemon [_thread_blocked, id=16824, stack(0x0000008461f00000,0x0000008462000000)]
  0x000001a3598cc350 JavaThread "http-nio-8081-exec-2" daemon [_thread_blocked, id=13164, stack(0x0000008462000000,0x0000008462100000)]
  0x000001a3598cc8a0 JavaThread "http-nio-8081-exec-3" daemon [_thread_blocked, id=8836, stack(0x0000008462100000,0x0000008462200000)]
  0x000001a35c1c9480 JavaThread "http-nio-8081-exec-4" daemon [_thread_blocked, id=1824, stack(0x0000008462200000,0x0000008462300000)]
  0x000001a35c1cc9a0 JavaThread "http-nio-8081-exec-5" daemon [_thread_blocked, id=13584, stack(0x0000008462300000,0x0000008462400000)]
  0x000001a35c1cdee0 JavaThread "http-nio-8081-exec-6" daemon [_thread_blocked, id=20144, stack(0x0000008462400000,0x0000008462500000)]
  0x000001a35c1c99d0 JavaThread "http-nio-8081-exec-7" daemon [_thread_blocked, id=9448, stack(0x0000008462500000,0x0000008462600000)]
=>0x000001a35c1ca9c0 JavaThread "http-nio-8081-exec-8" daemon [_thread_in_native, id=6760, stack(0x0000008462600000,0x0000008462700000)]
  0x000001a35c1ce980 JavaThread "http-nio-8081-exec-9" daemon [_thread_blocked, id=10872, stack(0x0000008462700000,0x0000008462800000)]
  0x000001a35c1cd440 JavaThread "http-nio-8081-exec-10" daemon [_thread_blocked, id=14452, stack(0x0000008462800000,0x0000008462900000)]
  0x000001a35c1ccef0 JavaThread "http-nio-8081-ClientPoller" daemon [_thread_in_native, id=19032, stack(0x0000008462900000,0x0000008462a00000)]
  0x000001a35c1ce430 JavaThread "http-nio-8081-Acceptor" daemon [_thread_in_native, id=5968, stack(0x0000008462a00000,0x0000008462b00000)]
  0x000001a35c1c8490 JavaThread "DestroyJavaVM" [_thread_blocked, id=17100, stack(0x000000845f100000,0x000000845f200000)]
  0x000001a35c1c79f0 JavaThread "RMI TCP Connection(idle)" daemon [_thread_blocked, id=10880, stack(0x0000008460f00000,0x0000008461000000)]

Other Threads:
  0x000001a3575351c0 VMThread "VM Thread" [stack: 0x000000845f700000,0x000000845f800000] [id=3608]
  0x000001a3586d08f0 WatcherThread [stack: 0x0000008460400000,0x0000008460500000] [id=4116]
  0x000001a33239b8d0 GCTaskThread "GC Thread#0" [stack: 0x000000845f200000,0x000000845f300000] [id=14020]
  0x000001a358947c10 GCTaskThread "GC Thread#1" [stack: 0x0000008460500000,0x0000008460600000] [id=7900]
  0x000001a358947f20 GCTaskThread "GC Thread#2" [stack: 0x0000008460600000,0x0000008460700000] [id=12152]
  0x000001a358787000 GCTaskThread "GC Thread#3" [stack: 0x0000008460700000,0x0000008460800000] [id=8796]
  0x000001a358787790 GCTaskThread "GC Thread#4" [stack: 0x0000008460800000,0x0000008460900000] [id=16748]
  0x000001a358787f20 GCTaskThread "GC Thread#5" [stack: 0x0000008460900000,0x0000008460a00000] [id=3572]
  0x000001a3589e04b0 GCTaskThread "GC Thread#6" [stack: 0x0000008460a00000,0x0000008460b00000] [id=8176]
  0x000001a3589e07c0 GCTaskThread "GC Thread#7" [stack: 0x0000008460b00000,0x0000008460c00000] [id=9724]
  0x000001a358beb460 GCTaskThread "GC Thread#8" [stack: 0x0000008461100000,0x0000008461200000] [id=14456]
  0x000001a35982e180 GCTaskThread "GC Thread#9" [stack: 0x0000008461200000,0x0000008461300000] [id=6992]
  0x000001a332522550 ConcurrentGCThread "G1 Main Marker" [stack: 0x000000845f300000,0x000000845f400000] [id=1772]
  0x000001a332523670 ConcurrentGCThread "G1 Conc#0" [stack: 0x000000845f400000,0x000000845f500000] [id=18212]
  0x000001a359dbc7b0 ConcurrentGCThread "G1 Conc#1" [stack: 0x0000008461400000,0x0000008461500000] [id=7300]
  0x000001a359d5a510 ConcurrentGCThread "G1 Conc#2" [stack: 0x0000008461500000,0x0000008461600000] [id=8020]
  0x000001a33257fdd0 ConcurrentGCThread "G1 Refine#0" [stack: 0x000000845f500000,0x000000845f600000] [id=4036]
  0x000001a3589be0f0 ConcurrentGCThread "G1 Refine#1" [stack: 0x0000008460c00000,0x0000008460d00000] [id=12332]
  0x000001a3589d74e0 ConcurrentGCThread "G1 Refine#2" [stack: 0x0000008460d00000,0x0000008460e00000] [id=20168]
  0x000001a332581770 ConcurrentGCThread "G1 Service" [stack: 0x000000845f600000,0x000000845f700000] [id=17516]

Threads with active compile tasks:

VM state: not at safepoint (normal execution)

VM Mutex/Monitor currently owned by a thread: None

Heap address: 0x0000000701600000, size: 4074 MB, Compressed Oops mode: Zero based, Oop shift amount: 3

CDS archive(s) mapped at: [0x0000000800000000-0x0000000800bb0000-0x0000000800bb0000), size 12255232, SharedBaseAddress: 0x0000000800000000, ArchiveRelocationMode: 0.
Compressed class space mapped at: 0x0000000800c00000-0x0000000840c00000, reserved size: 1073741824
Narrow klass base: 0x0000000800000000, Narrow klass shift: 3, Narrow klass range: 0x100000000

GC Precious Log:
 CPUs: 12 total, 12 available
 Memory: 16292M
 Large Page Support: Disabled
 NUMA Support: Disabled
 Compressed Oops: Enabled (Zero based)
 Heap Region Size: 2M
 Heap Min Capacity: 8M
 Heap Initial Capacity: 256M
 Heap Max Capacity: 4074M
 Pre-touch: Disabled
 Parallel Workers: 10
 Concurrent Workers: 3
 Concurrent Refinement Workers: 10
 Periodic GC: Disabled

Heap:
 garbage-first heap   total 81920K, used 38575K [0x0000000701600000, 0x0000000800000000)
  region size 2048K, 4 young (8192K), 1 survivors (2048K)
 Metaspace       used 65504K, committed 66048K, reserved 1105920K
  class space    used 8633K, committed 8896K, reserved 1048576K

Heap Regions: E=young(eden), S=young(survivor), O=old, HS=humongous(starts), HC=humongous(continues), CS=collection set, F=free, OA=open archive, CA=closed archive, TAMS=top-at-mark-start (previous, next)
|   0|0x0000000701600000, 0x0000000701800000, 0x0000000701800000|100%| O|  |TAMS 0x0000000701800000, 0x0000000701600000| Untracked 
|   1|0x0000000701800000, 0x0000000701a00000, 0x0000000701a00000|100%| O|  |TAMS 0x0000000701a00000, 0x0000000701800000| Untracked 
|   2|0x0000000701a00000, 0x0000000701c00000, 0x0000000701c00000|100%| O|  |TAMS 0x0000000701c00000, 0x0000000701a00000| Untracked 
|   3|0x0000000701c00000, 0x0000000701d8fc00, 0x0000000701e00000| 78%| O|  |TAMS 0x0000000701d8fc00, 0x0000000701c00000| Untracked 
|   4|0x0000000701e00000, 0x0000000702000000, 0x0000000702000000|100%| O|  |TAMS 0x0000000702000000, 0x0000000701e00000| Untracked 
|   5|0x0000000702000000, 0x0000000702200000, 0x0000000702200000|100%| O|  |TAMS 0x0000000702200000, 0x0000000702000000| Untracked 
|   6|0x0000000702200000, 0x0000000702400000, 0x0000000702400000|100%| O|  |TAMS 0x0000000702400000, 0x0000000702200000| Untracked 
|   7|0x0000000702400000, 0x0000000702600000, 0x0000000702600000|100%| O|  |TAMS 0x0000000702600000, 0x0000000702400000| Untracked 
|   8|0x0000000702600000, 0x00000007026b6600, 0x0000000702800000| 35%| O|  |TAMS 0x00000007026b6600, 0x0000000702600000| Untracked 
|   9|0x0000000702800000, 0x0000000702a00000, 0x0000000702a00000|100%| O|  |TAMS 0x0000000702800000, 0x0000000702800000| Untracked 
|  10|0x0000000702a00000, 0x0000000702c00000, 0x0000000702c00000|100%| O|  |TAMS 0x0000000702a00000, 0x0000000702a00000| Untracked 
|  11|0x0000000702c00000, 0x0000000702e00000, 0x0000000702e00000|100%| O|  |TAMS 0x0000000702c00000, 0x0000000702c00000| Untracked 
|  12|0x0000000702e00000, 0x0000000703000000, 0x0000000703000000|100%| O|  |TAMS 0x0000000702e00000, 0x0000000702e00000| Untracked 
|  13|0x0000000703000000, 0x0000000703200000, 0x0000000703200000|100%| O|  |TAMS 0x0000000703000000, 0x0000000703000000| Untracked 
|  14|0x0000000703200000, 0x0000000703400000, 0x0000000703400000|100%| O|  |TAMS 0x0000000703200000, 0x0000000703200000| Untracked 
|  15|0x0000000703400000, 0x0000000703600000, 0x0000000703600000|100%| O|  |TAMS 0x0000000703400000, 0x0000000703400000| Untracked 
|  16|0x0000000703600000, 0x0000000703800000, 0x0000000703800000|100%| O|  |TAMS 0x0000000703600000, 0x0000000703600000| Untracked 
|  17|0x0000000703800000, 0x00000007038a1000, 0x0000000703a00000| 31%| O|  |TAMS 0x0000000703800000, 0x0000000703800000| Untracked 
|  18|0x0000000703a00000, 0x0000000703a00000, 0x0000000703c00000|  0%| F|  |TAMS 0x0000000703a00000, 0x0000000703a00000| Untracked 
|  19|0x0000000703c00000, 0x0000000703c00000, 0x0000000703e00000|  0%| F|  |TAMS 0x0000000703c00000, 0x0000000703c00000| Untracked 
|  20|0x0000000703e00000, 0x0000000703e00000, 0x0000000704000000|  0%| F|  |TAMS 0x0000000703e00000, 0x0000000703e00000| Untracked 
|  21|0x0000000704000000, 0x0000000704000000, 0x0000000704200000|  0%| F|  |TAMS 0x0000000704000000, 0x0000000704000000| Untracked 
|  22|0x0000000704200000, 0x0000000704200000, 0x0000000704400000|  0%| F|  |TAMS 0x0000000704200000, 0x0000000704200000| Untracked 
|  23|0x0000000704400000, 0x0000000704400000, 0x0000000704600000|  0%| F|  |TAMS 0x0000000704400000, 0x0000000704400000| Untracked 
|  24|0x0000000704600000, 0x0000000704600000, 0x0000000704800000|  0%| F|  |TAMS 0x0000000704600000, 0x0000000704600000| Untracked 
|  25|0x0000000704800000, 0x0000000704800000, 0x0000000704a00000|  0%| F|  |TAMS 0x0000000704800000, 0x0000000704800000| Untracked 
|  26|0x0000000704a00000, 0x0000000704a00000, 0x0000000704c00000|  0%| F|  |TAMS 0x0000000704a00000, 0x0000000704a00000| Untracked 
|  27|0x0000000704c00000, 0x0000000704cc4aa8, 0x0000000704e00000| 38%| S|CS|TAMS 0x0000000704c00000, 0x0000000704c00000| Complete 
|  28|0x0000000704e00000, 0x0000000704e00000, 0x0000000705000000|  0%| F|  |TAMS 0x0000000704e00000, 0x0000000704e00000| Untracked 
|  29|0x0000000705000000, 0x0000000705000000, 0x0000000705200000|  0%| F|  |TAMS 0x0000000705000000, 0x0000000705000000| Untracked 
|  30|0x0000000705200000, 0x0000000705200000, 0x0000000705400000|  0%| F|  |TAMS 0x0000000705200000, 0x0000000705200000| Untracked 
|  31|0x0000000705400000, 0x0000000705400000, 0x0000000705600000|  0%| F|  |TAMS 0x0000000705400000, 0x0000000705400000| Untracked 
|  32|0x0000000705600000, 0x0000000705600000, 0x0000000705800000|  0%| F|  |TAMS 0x0000000705600000, 0x0000000705600000| Untracked 
|  33|0x0000000705800000, 0x0000000705800000, 0x0000000705a00000|  0%| F|  |TAMS 0x0000000705800000, 0x0000000705800000| Untracked 
|  34|0x0000000705a00000, 0x0000000705a00000, 0x0000000705c00000|  0%| F|  |TAMS 0x0000000705a00000, 0x0000000705a00000| Untracked 
|  35|0x0000000705c00000, 0x0000000705c00000, 0x0000000705e00000|  0%| F|  |TAMS 0x0000000705c00000, 0x0000000705c00000| Untracked 
|  36|0x0000000705e00000, 0x0000000705e00000, 0x0000000706000000|  0%| F|  |TAMS 0x0000000705e00000, 0x0000000705e00000| Untracked 
|  43|0x0000000706c00000, 0x0000000706c73288, 0x0000000706e00000| 22%| E|  |TAMS 0x0000000706c00000, 0x0000000706c00000| Complete 
|  44|0x0000000706e00000, 0x0000000707000000, 0x0000000707000000|100%| E|CS|TAMS 0x0000000706e00000, 0x0000000706e00000| Complete 
| 127|0x0000000711400000, 0x0000000711600000, 0x0000000711600000|100%| E|CS|TAMS 0x0000000711400000, 0x0000000711400000| Complete 

Card table byte_map: [0x000001a34b8e0000,0x000001a34c0e0000] _byte_map_base: 0x000001a3480d5000

Marking Bits (Prev, Next): (CMBitMap*) 0x000001a332511f70, (CMBitMap*) 0x000001a332511f30
 Prev Bits: [0x000001a350890000, 0x000001a354838000)
 Next Bits: [0x000001a34c8e0000, 0x000001a350888000)

Polling page: 0x000001a332590000

Metaspace:

Usage:
  Non-class:     55.54 MB used.
      Class:      8.43 MB used.
       Both:     63.97 MB used.

Virtual space:
  Non-class space:       56.00 MB reserved,      55.81 MB (>99%) committed,  7 nodes.
      Class space:        1.00 GB reserved,       8.69 MB ( <1%) committed,  1 nodes.
              Both:        1.05 GB reserved,      64.50 MB (  6%) committed. 

Chunk freelists:
   Non-Class:  128.00 KB
       Class:  3.30 MB
        Both:  3.42 MB

MaxMetaspaceSize: 17179869184.00 GB
CompressedClassSpaceSize: 1.00 GB
 - commit_granule_bytes: 65536.
 - commit_granule_words: 8192.
 - virtual_space_node_default_size: 1048576.
 - enlarge_chunks_in_place: 1.
 - new_chunks_are_fully_committed: 0.
 - uncommit_free_chunks: 1.
 - use_allocation_guard: 0.
 - handle_deallocations: 1.


Internal statistics:

num_allocs_failed_limit: 9.
num_arena_births: 700.
num_arena_deaths: 0.
num_vsnodes_births: 8.
num_vsnodes_deaths: 0.
num_space_committed: 1032.
num_space_uncommitted: 0.
num_chunks_returned_to_freelist: 9.
num_chunks_taken_from_freelist: 3094.
num_chunk_merges: 6.
num_chunk_splits: 2178.
num_chunks_enlarged: 1644.
num_purges: 0.

CodeHeap 'non-profiled nmethods': size=238336Kb used=14505Kb max_used=14505Kb free=223830Kb
 bounds [0x000001a33bb90000, 0x000001a33c9c0000, 0x000001a34a450000]
CodeHeap 'non-nmethods': size=7424Kb used=1359Kb max_used=1359Kb free=6064Kb
 bounds [0x000001a33b450000, 0x000001a33b6c0000, 0x000001a33bb90000]
 total_blobs=9045 nmethods=8350 adapters=620
 compilation: enabled
              stopped_count=0, restarted_count=0
 full_count=0

Compilation events (20 events):
Event: 40.338 Thread 0x000001a357559720 8341       1       sun.util.calendar.AbstractCalendar::getDayOfWeekDateOnOrBefore (31 bytes)
Event: 40.338 Thread 0x000001a357559720 nmethod 8341 0x000001a33c9b4c90 code [0x000001a33c9b4e40, 0x000001a33c9b5078]
Event: 40.338 Thread 0x000001a357559720 8342       1       sun.util.calendar.CalendarDate::setLeapYear (6 bytes)
Event: 40.338 Thread 0x000001a357559720 nmethod 8342 0x000001a33c9b5190 code [0x000001a33c9b5320, 0x000001a33c9b53f8]
Event: 40.339 Thread 0x000001a357559720 8343       1       jdk.internal.reflect.UnsafeObjectFieldAccessorImpl::get (17 bytes)
Event: 40.340 Thread 0x000001a357559720 nmethod 8343 0x000001a33c9b5490 code [0x000001a33c9b5660, 0x000001a33c9b5998]
Event: 40.340 Thread 0x000001a357559720 8344       1       org.hibernate.persister.entity.AbstractEntityPersister::getPropertyValue (12 bytes)
Event: 40.340 Thread 0x000001a357559720 nmethod 8344 0x000001a33c9b5b90 code [0x000001a33c9b5d40, 0x000001a33c9b5ea8]
Event: 40.340 Thread 0x000001a357559720 8345       1       org.hibernate.tuple.entity.AbstractEntityTuplizer::getPropertyValue (13 bytes)
Event: 40.340 Thread 0x000001a357559720 nmethod 8345 0x000001a33c9b6010 code [0x000001a33c9b61c0, 0x000001a33c9b62e8]
Event: 40.340 Thread 0x000001a357559720 8346       1       org.hibernate.engine.spi.CascadingActions$8::noCascade (108 bytes)
Event: 40.340 Thread 0x000001a357559720 nmethod 8346 0x000001a33c9b6410 code [0x000001a33c9b6620, 0x000001a33c9b6b48]
Event: 40.340 Thread 0x000001a357559720 8347       1       org.hibernate.engine.internal.Cascade::cascadeLogicalOneToOneOrphanRemoval (416 bytes)
Event: 40.341 Thread 0x000001a357559720 nmethod 8347 0x000001a33c9b6f90 code [0x000001a33c9b73e0, 0x000001a33c9b8b58]
Event: 40.341 Thread 0x000001a357559720 8348       1       org.hibernate.engine.internal.Cascade::isLogicalOneToOne (25 bytes)
Event: 40.341 Thread 0x000001a357559720 nmethod 8348 0x000001a33c9b9c90 code [0x000001a33c9b9e40, 0x000001a33c9b9f98]
Event: 40.341 Thread 0x000001a357559720 8349       1       org.hibernate.bytecode.enhance.spi.interceptor.LazyAttributesMetadata::isLazyAttribute (11 bytes)
Event: 40.341 Thread 0x000001a357559720 nmethod 8349 0x000001a33c9ba090 code [0x000001a33c9ba240, 0x000001a33c9ba328]
Event: 40.341 Thread 0x000001a357559720 8350       1       org.mariadb.jdbc.internal.com.read.dao.Results::getFetchSize (5 bytes)
Event: 40.341 Thread 0x000001a357559720 nmethod 8350 0x000001a33c9ba390 code [0x000001a33c9ba520, 0x000001a33c9ba5f8]

GC Heap History (20 events):
Event: 1.949 GC heap before
{Heap before GC invocations=10 (full 0):
 garbage-first heap   total 104448K, used 30110K [0x0000000701600000, 0x0000000800000000)
  region size 2048K, 8 young (16384K), 2 survivors (4096K)
 Metaspace       used 35305K, committed 35648K, reserved 1081344K
  class space    used 4870K, committed 5056K, reserved 1048576K
}
Event: 1.950 GC heap after
{Heap after GC invocations=11 (full 0):
 garbage-first heap   total 104448K, used 20513K [0x0000000701600000, 0x0000000800000000)
  region size 2048K, 2 young (4096K), 2 survivors (4096K)
 Metaspace       used 35305K, committed 35648K, reserved 1081344K
  class space    used 4870K, committed 5056K, reserved 1048576K
}
Event: 2.314 GC heap before
{Heap before GC invocations=12 (full 0):
 garbage-first heap   total 81920K, used 65569K [0x0000000701600000, 0x0000000800000000)
  region size 2048K, 24 young (49152K), 2 survivors (4096K)
 Metaspace       used 44162K, committed 44544K, reserved 1089536K
  class space    used 6119K, committed 6272K, reserved 1048576K
}
Event: 2.317 GC heap after
{Heap after GC invocations=13 (full 0):
 garbage-first heap   total 81920K, used 22777K [0x0000000701600000, 0x0000000800000000)
  region size 2048K, 3 young (6144K), 3 survivors (6144K)
 Metaspace       used 44162K, committed 44544K, reserved 1089536K
  class space    used 6119K, committed 6272K, reserved 1048576K
}
Event: 2.606 GC heap before
{Heap before GC invocations=14 (full 0):
 garbage-first heap   total 81920K, used 61689K [0x0000000701600000, 0x0000000800000000)
  region size 2048K, 22 young (45056K), 3 survivors (6144K)
 Metaspace       used 49165K, committed 49600K, reserved 1097728K
  class space    used 6809K, committed 7040K, reserved 1048576K
}
Event: 2.609 GC heap after
{Heap after GC invocations=15 (full 0):
 garbage-first heap   total 81920K, used 25674K [0x0000000701600000, 0x0000000800000000)
  region size 2048K, 3 young (6144K), 3 survivors (6144K)
 Metaspace       used 49165K, committed 49600K, reserved 1097728K
  class space    used 6809K, committed 7040K, reserved 1048576K
}
Event: 2.769 GC heap before
{Heap before GC invocations=15 (full 0):
 garbage-first heap   total 81920K, used 62538K [0x0000000701600000, 0x0000000800000000)
  region size 2048K, 21 young (43008K), 3 survivors (6144K)
 Metaspace       used 50843K, committed 51328K, reserved 1097728K
  class space    used 7041K, committed 7296K, reserved 1048576K
}
Event: 2.771 GC heap after
{Heap after GC invocations=16 (full 0):
 garbage-first heap   total 81920K, used 27369K [0x0000000701600000, 0x0000000800000000)
  region size 2048K, 3 young (6144K), 3 survivors (6144K)
 Metaspace       used 50843K, committed 51328K, reserved 1097728K
  class space    used 7041K, committed 7296K, reserved 1048576K
}
Event: 7.269 GC heap before
{Heap before GC invocations=16 (full 0):
 garbage-first heap   total 81920K, used 64233K [0x0000000701600000, 0x0000000800000000)
  region size 2048K, 21 young (43008K), 3 survivors (6144K)
 Metaspace       used 54268K, committed 54784K, reserved 1097728K
  class space    used 7532K, committed 7808K, reserved 1048576K
}
Event: 7.272 GC heap after
{Heap after GC invocations=17 (full 0):
 garbage-first heap   total 81920K, used 30250K [0x0000000701600000, 0x0000000800000000)
  region size 2048K, 3 young (6144K), 3 survivors (6144K)
 Metaspace       used 54268K, committed 54784K, reserved 1097728K
  class space    used 7532K, committed 7808K, reserved 1048576K
}
Event: 8.933 GC heap before
{Heap before GC invocations=17 (full 0):
 garbage-first heap   total 81920K, used 58922K [0x0000000701600000, 0x0000000800000000)
  region size 2048K, 18 young (36864K), 3 survivors (6144K)
 Metaspace       used 60488K, committed 60992K, reserved 1105920K
  class space    used 8066K, committed 8320K, reserved 1048576K
}
Event: 8.937 GC heap after
{Heap after GC invocations=18 (full 0):
 garbage-first heap   total 81920K, used 32424K [0x0000000701600000, 0x0000000800000000)
  region size 2048K, 3 young (6144K), 3 survivors (6144K)
 Metaspace       used 60488K, committed 60992K, reserved 1105920K
  class space    used 8066K, committed 8320K, reserved 1048576K
}
Event: 9.257 GC heap before
{Heap before GC invocations=18 (full 0):
 garbage-first heap   total 81920K, used 61096K [0x0000000701600000, 0x0000000800000000)
  region size 2048K, 18 young (36864K), 3 survivors (6144K)
 Metaspace       used 62626K, committed 63104K, reserved 1105920K
  class space    used 8264K, committed 8512K, reserved 1048576K
}
Event: 9.259 GC heap after
{Heap after GC invocations=19 (full 0):
 garbage-first heap   total 81920K, used 33193K [0x0000000701600000, 0x0000000800000000)
  region size 2048K, 2 young (4096K), 2 survivors (4096K)
 Metaspace       used 62626K, committed 63104K, reserved 1105920K
  class space    used 8264K, committed 8512K, reserved 1048576K
}
Event: 18.783 GC heap before
{Heap before GC invocations=19 (full 0):
 garbage-first heap   total 81920K, used 61865K [0x0000000701600000, 0x0000000800000000)
  region size 2048K, 17 young (34816K), 2 survivors (4096K)
 Metaspace       used 64262K, committed 64768K, reserved 1105920K
  class space    used 8466K, committed 8704K, reserved 1048576K
}
Event: 18.785 GC heap after
{Heap after GC invocations=20 (full 0):
 garbage-first heap   total 81920K, used 34190K [0x0000000701600000, 0x0000000800000000)
  region size 2048K, 3 young (6144K), 3 survivors (6144K)
 Metaspace       used 64262K, committed 64768K, reserved 1105920K
  class space    used 8466K, committed 8704K, reserved 1048576K
}
Event: 18.909 GC heap before
{Heap before GC invocations=20 (full 0):
 garbage-first heap   total 81920K, used 60814K [0x0000000701600000, 0x0000000800000000)
  region size 2048K, 17 young (34816K), 3 survivors (6144K)
 Metaspace       used 64500K, committed 64960K, reserved 1105920K
  class space    used 8499K, committed 8704K, reserved 1048576K
}
Event: 18.911 GC heap after
{Heap after GC invocations=21 (full 0):
 garbage-first heap   total 81920K, used 37441K [0x0000000701600000, 0x0000000800000000)
  region size 2048K, 3 young (6144K), 3 survivors (6144K)
 Metaspace       used 64500K, committed 64960K, reserved 1105920K
  class space    used 8499K, committed 8704K, reserved 1048576K
}
Event: 39.308 GC heap before
{Heap before GC invocations=21 (full 0):
 garbage-first heap   total 81920K, used 62017K [0x0000000701600000, 0x0000000800000000)
  region size 2048K, 15 young (30720K), 3 survivors (6144K)
 Metaspace       used 65051K, committed 65600K, reserved 1105920K
  class space    used 8569K, committed 8832K, reserved 1048576K
}
Event: 39.309 GC heap after
{Heap after GC invocations=22 (full 0):
 garbage-first heap   total 81920K, used 34479K [0x0000000701600000, 0x0000000800000000)
  region size 2048K, 1 young (2048K), 1 survivors (2048K)
 Metaspace       used 65051K, committed 65600K, reserved 1105920K
  class space    used 8569K, committed 8832K, reserved 1048576K
}

Deoptimization events (10 events):
Event: 1.175 Thread 0x000001a358a790d0 DEOPT PACKING pc=0x000001a33beac27c sp=0x0000008460ffccf0
Event: 1.176 Thread 0x000001a358a790d0 DEOPT UNPACKING pc=0x000001a33b49dece sp=0x0000008460ffc248 mode 0
Event: 1.753 Thread 0x000001a358a790d0 DEOPT PACKING pc=0x000001a33be6fc09 sp=0x0000008460ffdd50
Event: 1.753 Thread 0x000001a358a790d0 DEOPT UNPACKING pc=0x000001a33b49dece sp=0x0000008460ffd1e0 mode 3
Event: 2.827 Thread 0x000001a358a790d0 DEOPT PACKING pc=0x000001a33be7eb2a sp=0x0000008460ff7360
Event: 2.827 Thread 0x000001a358a790d0 DEOPT UNPACKING pc=0x000001a33b49dece sp=0x0000008460ff6868 mode 3
Event: 9.040 Thread 0x000001a3598cc350 DEOPT PACKING pc=0x000001a33c64d744 sp=0x00000084620f9820
Event: 9.040 Thread 0x000001a3598cc350 DEOPT UNPACKING pc=0x000001a33b49dece sp=0x00000084620f8ce8 mode 0
Event: 9.040 Thread 0x000001a3598cc350 DEOPT PACKING pc=0x000001a33c667d0c sp=0x00000084620fa2a0
Event: 9.040 Thread 0x000001a3598cc350 DEOPT UNPACKING pc=0x000001a33b49dece sp=0x00000084620f9780 mode 0

Classes unloaded (0 events):
No events

Classes redefined (0 events):
No events

Internal exceptions (20 events):
Event: 18.806 Thread 0x000001a35c1ca9c0 Exception <a 'java/lang/ClassNotFoundException'{0x0000000705b9a170}: javax/servlet/jsp/jstl/core/ConditionalTagSupportCustomizer> (0x0000000705b9a170) 
thrown [t:\workspace\open\src\hotspot\share\classfile\systemDictionary.cpp, line 256]
Event: 18.807 Thread 0x000001a35c1ca9c0 Exception <a 'java/lang/ClassNotFoundException'{0x0000000705ba9f10}: org/apache/taglibs/standard/tag/common/core/WhenTagSupportCustomizer> (0x0000000705ba9f10) 
thrown [t:\workspace\open\src\hotspot\share\classfile\systemDictionary.cpp, line 256]
Event: 18.807 Thread 0x000001a35c1ca9c0 Exception <a 'java/lang/ClassNotFoundException'{0x0000000705bb7a90}: org/apache/taglibs/standard/tag/rt/core/WhenTagCustomizer> (0x0000000705bb7a90) 
thrown [t:\workspace\open\src\hotspot\share\classfile\systemDictionary.cpp, line 256]
Event: 18.808 Thread 0x000001a35c1ca9c0 Exception <a 'java/lang/ClassNotFoundException'{0x0000000705bce338}: org/apache/taglibs/standard/tag/common/core/OtherwiseTagBeanInfo> (0x0000000705bce338) 
thrown [t:\workspace\open\src\hotspot\share\classfile\systemDictionary.cpp, line 256]
Event: 18.809 Thread 0x000001a35c1ca9c0 Exception <a 'java/lang/ClassNotFoundException'{0x0000000705bd8388}: org/apache/taglibs/standard/tag/common/core/OtherwiseTagCustomizer> (0x0000000705bd8388) 
thrown [t:\workspace\open\src\hotspot\share\classfile\systemDictionary.cpp, line 256]
Event: 18.810 Thread 0x000001a35c1ca9c0 Exception <a 'java/lang/ClassNotFoundException'{0x00000007058164e0}: org/apache/taglibs/standard/tag/rt/core/ForEachTagBeanInfo> (0x00000007058164e0) 
thrown [t:\workspace\open\src\hotspot\share\classfile\systemDictionary.cpp, line 256]
Event: 18.811 Thread 0x000001a35c1ca9c0 Exception <a 'java/lang/ClassNotFoundException'{0x0000000705820590}: org/apache/taglibs/standard/tag/common/core/ForEachSupportBeanInfo> (0x0000000705820590) 
thrown [t:\workspace\open\src\hotspot\share\classfile\systemDictionary.cpp, line 256]
Event: 18.811 Thread 0x000001a35c1ca9c0 Exception <a 'java/lang/ClassNotFoundException'{0x0000000705829ce0}: javax/servlet/jsp/jstl/core/LoopTagSupportBeanInfo> (0x0000000705829ce0) 
thrown [t:\workspace\open\src\hotspot\share\classfile\systemDictionary.cpp, line 256]
Event: 18.812 Thread 0x000001a35c1ca9c0 Exception <a 'java/lang/ClassNotFoundException'{0x0000000705833708}: javax/servlet/jsp/jstl/core/LoopTagSupportCustomizer> (0x0000000705833708) 
thrown [t:\workspace\open\src\hotspot\share\classfile\systemDictionary.cpp, line 256]
Event: 18.813 Thread 0x000001a35c1ca9c0 Exception <a 'java/lang/ClassNotFoundException'{0x0000000705848c90}: org/apache/taglibs/standard/tag/common/core/ForEachSupportCustomizer> (0x0000000705848c90) 
thrown [t:\workspace\open\src\hotspot\share\classfile\systemDictionary.cpp, line 256]
Event: 18.813 Thread 0x000001a35c1ca9c0 Exception <a 'java/lang/ClassNotFoundException'{0x0000000705856978}: org/apache/taglibs/standard/tag/rt/core/ForEachTagCustomizer> (0x0000000705856978) 
thrown [t:\workspace\open\src\hotspot\share\classfile\systemDictionary.cpp, line 256]
Event: 18.824 Thread 0x000001a35c1ca9c0 Exception <a 'java/lang/ArrayIndexOutOfBoundsException'{0x00000007057de678}> (0x00000007057de678) 
thrown [t:\workspace\open\src\hotspot\share\runtime\sharedRuntime.cpp, line 624]
Event: 18.944 Thread 0x000001a35c1ca9c0 Exception <a 'java/lang/ClassNotFoundException'{0x0000000706fd9450}: com/cos/shumstart/domain/booth/BoothBeanInfo> (0x0000000706fd9450) 
thrown [t:\workspace\open\src\hotspot\share\classfile\systemDictionary.cpp, line 256]
Event: 18.945 Thread 0x000001a35c1ca9c0 Exception <a 'java/lang/ClassNotFoundException'{0x0000000706fe3c50}: com/cos/shumstart/domain/booth/BoothCustomizer> (0x0000000706fe3c50) 
thrown [t:\workspace\open\src\hotspot\share\classfile\systemDictionary.cpp, line 256]
Event: 18.951 Thread 0x000001a35c1ca9c0 Exception <a 'java/lang/ClassNotFoundException'{0x0000000706c48690}: com/cos/shumstart/domain/umbrella/UmbrellaBeanInfo> (0x0000000706c48690) 
thrown [t:\workspace\open\src\hotspot\share\classfile\systemDictionary.cpp, line 256]
Event: 18.951 Thread 0x000001a35c1ca9c0 Exception <a 'java/lang/ClassNotFoundException'{0x0000000706c539e8}: com/cos/shumstart/domain/umbrella/UmbrellaCustomizer> (0x0000000706c539e8) 
thrown [t:\workspace\open\src\hotspot\share\classfile\systemDictionary.cpp, line 256]
Event: 18.952 Thread 0x000001a35c1ca9c0 Exception <a 'java/lang/ClassNotFoundException'{0x0000000706c68628}: javax/servlet/jsp/jstl/core/LoopTagSupport$1StatusBeanInfo> (0x0000000706c68628) 
thrown [t:\workspace\open\src\hotspot\share\classfile\systemDictionary.cpp, line 256]
Event: 18.953 Thread 0x000001a35c1ca9c0 Exception <a 'java/lang/ClassNotFoundException'{0x0000000706c71b88}: javax/servlet/jsp/jstl/core/LoopTagSupport$1StatusCustomizer> (0x0000000706c71b88) 
thrown [t:\workspace\open\src\hotspot\share\classfile\systemDictionary.cpp, line 256]
Event: 40.329 Thread 0x000001a35c1ca9c0 Exception <a 'java/lang/ClassNotFoundException'{0x0000000706f88268}: java/lang/ObjectCustomizer> (0x0000000706f88268) 
thrown [t:\workspace\open\src\hotspot\share\classfile\systemDictionary.cpp, line 256]
Event: 40.330 Thread 0x000001a35c1ca9c0 Exception <a 'java/lang/ClassNotFoundException'{0x0000000706f97128}: com/cos/shumstart/domain/rental/RentalCustomizer> (0x0000000706f97128) 
thrown [t:\workspace\open\src\hotspot\share\classfile\systemDictionary.cpp, line 256]

Events (20 events):
Event: 36.016 Executing  VM operation: Cleanup done
Event: 38.031 Executing  VM operation: Cleanup
Event: 38.031 Executing  VM operation: Cleanup done
Event: 39.308 Executing  VM operation: G1CollectForAllocation
Event: 39.310 Executing  VM operation: G1CollectForAllocation done
Event: 40.313 Executing  VM operation: Cleanup
Event: 40.313 Executing  VM operation: Cleanup done
Event: 40.323 loading class sun/reflect/annotation/AnnotationInvocationHandler$1
Event: 40.323 loading class sun/reflect/annotation/AnnotationInvocationHandler$1 done
Event: 40.328 Executing  VM operation: HandshakeAllThreads
Event: 40.328 Executing  VM operation: HandshakeAllThreads done
Event: 40.328 loading class java/lang/ObjectCustomizer
Event: 40.328 loading class java/lang/ObjectCustomizer done
Event: 40.329 loading class java/lang/ObjectCustomizer
Event: 40.329 loading class java/lang/ObjectCustomizer done
Event: 40.338 Executing  VM operation: HandshakeAllThreads
Event: 40.338 Executing  VM operation: HandshakeAllThreads done
Event: 40.342 loading class sun/nio/cs/StringUTF16
Event: 40.342 loading class sun/nio/cs/StringUTF16 done
Event: 40.343 Loaded shared library C:\Users\\.jssc\windows\jSSC-2.8_x86_64.dll


Dynamic libraries:
0x00007ff742d60000 - 0x00007ff742d70000 	C:\Program Files\Java\jdk-16.0.1\bin\java.exe
0x00007ffa7ba10000 - 0x00007ffa7bc05000 	C:\Windows\SYSTEM32\ntdll.dll
0x00007ffa7a1a0000 - 0x00007ffa7a25e000 	C:\Windows\System32\KERNEL32.DLL
0x00007ffa79360000 - 0x00007ffa79628000 	C:\Windows\System32\KERNELBASE.dll
0x00007ffa79200000 - 0x00007ffa79300000 	C:\Windows\System32\ucrtbase.dll
0x00007ffa72fc0000 - 0x00007ffa72fd8000 	C:\Program Files\Java\jdk-16.0.1\bin\jli.dll
0x00007ffa7b600000 - 0x00007ffa7b6ac000 	C:\Windows\System32\ADVAPI32.dll
0x00007ffa7b6b0000 - 0x00007ffa7b74e000 	C:\Windows\System32\msvcrt.dll
0x00007ffa72ab0000 - 0x00007ffa72ac9000 	C:\Program Files\Java\jdk-16.0.1\bin\VCRUNTIME140.dll
0x00007ffa7a010000 - 0x00007ffa7a0ab000 	C:\Windows\System32\sechost.dll
0x00007ffa7aff0000 - 0x00007ffa7b11a000 	C:\Windows\System32\RPCRT4.dll
0x00007ffa7b1f0000 - 0x00007ffa7b391000 	C:\Windows\System32\USER32.dll
0x00007ffa791d0000 - 0x00007ffa791f2000 	C:\Windows\System32\win32u.dll
0x00007ffa63c70000 - 0x00007ffa63f0a000 	C:\Windows\WinSxS\amd64_microsoft.windows.common-controls_6595b64144ccf1df_6.0.19041.1110_none_60b5254171f9507e\COMCTL32.dll
0x00007ffa7a0b0000 - 0x00007ffa7a0db000 	C:\Windows\System32\GDI32.dll
0x00007ffa79950000 - 0x00007ffa79a5b000 	C:\Windows\System32\gdi32full.dll
0x00007ffa79130000 - 0x00007ffa791cd000 	C:\Windows\System32\msvcp_win.dll
0x00007ffa71e10000 - 0x00007ffa71e1a000 	C:\Windows\SYSTEM32\VERSION.dll
0x00007ffa7a150000 - 0x00007ffa7a180000 	C:\Windows\System32\IMM32.DLL
0x00007ffa72aa0000 - 0x00007ffa72aac000 	C:\Program Files\Java\jdk-16.0.1\bin\vcruntime140_1.dll
0x00007ffa3a080000 - 0x00007ffa3a111000 	C:\Program Files\Java\jdk-16.0.1\bin\msvcp140.dll
0x00007ffa1bfa0000 - 0x00007ffa1cb4b000 	C:\Program Files\Java\jdk-16.0.1\bin\server\jvm.dll
0x00007ffa7a9a0000 - 0x00007ffa7a9a8000 	C:\Windows\System32\PSAPI.DLL
0x00007ffa72ff0000 - 0x00007ffa72ff9000 	C:\Windows\SYSTEM32\WSOCK32.dll
0x00007ffa69f50000 - 0x00007ffa69f77000 	C:\Windows\SYSTEM32\WINMM.dll
0x00007ffa7a0e0000 - 0x00007ffa7a14b000 	C:\Windows\System32\WS2_32.dll
0x00007ffa76f40000 - 0x00007ffa76f52000 	C:\Windows\SYSTEM32\kernel.appcore.dll
0x00007ffa72a90000 - 0x00007ffa72a9a000 	C:\Program Files\Java\jdk-16.0.1\bin\jimage.dll
0x00007ffa65c10000 - 0x00007ffa65df4000 	C:\Windows\SYSTEM32\DBGHELP.DLL
0x00007ffa60620000 - 0x00007ffa6064c000 	C:\Windows\SYSTEM32\dbgcore.DLL
0x00007ffa79630000 - 0x00007ffa796b3000 	C:\Windows\System32\bcryptPrimitives.dll
0x00007ffa6e1d0000 - 0x00007ffa6e1de000 	C:\Program Files\Java\jdk-16.0.1\bin\instrument.dll
0x00007ffa729f0000 - 0x00007ffa72a15000 	C:\Program Files\Java\jdk-16.0.1\bin\java.dll
0x00007ffa7a260000 - 0x00007ffa7a99f000 	C:\Windows\System32\SHELL32.dll
0x00007ffa77140000 - 0x00007ffa778d0000 	C:\Windows\SYSTEM32\windows.storage.dll
0x00007ffa7ac90000 - 0x00007ffa7afe5000 	C:\Windows\System32\combase.dll
0x00007ffa78b80000 - 0x00007ffa78bae000 	C:\Windows\SYSTEM32\Wldp.dll
0x00007ffa7b920000 - 0x00007ffa7b9cd000 	C:\Windows\System32\SHCORE.dll
0x00007ffa79ad0000 - 0x00007ffa79b25000 	C:\Windows\System32\shlwapi.dll
0x00007ffa79070000 - 0x00007ffa7908f000 	C:\Windows\SYSTEM32\profapi.dll
0x00007ffa72210000 - 0x00007ffa72228000 	C:\Program Files\Java\jdk-16.0.1\bin\zip.dll
0x00007ffa729d0000 - 0x00007ffa729e9000 	C:\Program Files\Java\jdk-16.0.1\bin\net.dll
0x00007ffa78170000 - 0x00007ffa7827c000 	C:\Windows\SYSTEM32\WINHTTP.dll
0x00007ffa788e0000 - 0x00007ffa7894a000 	C:\Windows\system32\mswsock.dll
0x00007ffa729b0000 - 0x00007ffa729c3000 	C:\Program Files\Java\jdk-16.0.1\bin\nio.dll
0x00007ffa543f0000 - 0x00007ffa5440a000 	C:\Program Files\JetBrains\IntelliJ IDEA 2021.1.2\bin\breakgen64.dll
0x00007ffa785d0000 - 0x00007ffa7869b000 	C:\Windows\SYSTEM32\DNSAPI.dll
0x00007ffa78580000 - 0x00007ffa785bb000 	C:\Windows\SYSTEM32\IPHLPAPI.DLL
0x00007ffa79ac0000 - 0x00007ffa79ac8000 	C:\Windows\System32\NSI.dll
0x00007ffa71d90000 - 0x00007ffa71d9a000 	C:\Windows\System32\rasadhlp.dll
0x00007ffa64810000 - 0x00007ffa6488f000 	C:\Windows\System32\fwpuclnt.dll
0x00007ffa796c0000 - 0x00007ffa796e7000 	C:\Windows\System32\bcrypt.dll
0x00007ffa6e1c0000 - 0x00007ffa6e1c9000 	C:\Program Files\Java\jdk-16.0.1\bin\management.dll
0x00007ffa6d010000 - 0x00007ffa6d01b000 	C:\Program Files\Java\jdk-16.0.1\bin\management_ext.dll
0x00007ffa78ad0000 - 0x00007ffa78ae8000 	C:\Windows\SYSTEM32\CRYPTSP.dll
0x00007ffa780e0000 - 0x00007ffa78114000 	C:\Windows\system32\rsaenh.dll
0x00007ffa79030000 - 0x00007ffa7905e000 	C:\Windows\SYSTEM32\USERENV.dll
0x00007ffa78af0000 - 0x00007ffa78afc000 	C:\Windows\SYSTEM32\CRYPTBASE.dll
0x00007ffa70050000 - 0x00007ffa70067000 	C:\Windows\SYSTEM32\dhcpcsvc6.DLL
0x00007ffa70170000 - 0x00007ffa7018d000 	C:\Windows\SYSTEM32\dhcpcsvc.DLL
0x00007ffa5dae0000 - 0x00007ffa5daf7000 	C:\Windows\system32\napinsp.dll
0x00007ffa5dac0000 - 0x00007ffa5dadb000 	C:\Windows\system32\pnrpnsp.dll
0x00007ffa73fe0000 - 0x00007ffa73ff5000 	C:\Windows\system32\wshbth.dll
0x00007ffa74bd0000 - 0x00007ffa74bed000 	C:\Windows\system32\NLAapi.dll
0x00007ffa5d730000 - 0x00007ffa5d742000 	C:\Windows\System32\winrnr.dll
0x00007ffa69820000 - 0x00007ffa6982e000 	C:\Program Files\Java\jdk-16.0.1\bin\sunmscapi.dll
0x00007ffa797f0000 - 0x00007ffa79946000 	C:\Windows\System32\CRYPT32.dll
0x00007ffa78bf0000 - 0x00007ffa78c17000 	C:\Windows\SYSTEM32\ncrypt.dll
0x00007ffa78bb0000 - 0x00007ffa78beb000 	C:\Windows\SYSTEM32\NTASN1.dll
0x00007ffa687a0000 - 0x00007ffa687a7000 	C:\Windows\system32\wshunix.dll
0x0000000071100000 - 0x0000000071125000 	C:\Users\\.jssc\windows\jSSC-2.8_x86_64.dll

dbghelp: loaded successfully - version: 4.0.5 - missing functions: none
symbol engine: initialized successfully - sym options: 0x614 - pdb path: .;C:\Program Files\Java\jdk-16.0.1\bin;C:\Windows\SYSTEM32;C:\Windows\WinSxS\amd64_microsoft.windows.common-controls_6595b64144ccf1df_6.0.19041.1110_none_60b5254171f9507e;C:\Program Files\Java\jdk-16.0.1\bin\server;C:\Program Files\JetBrains\IntelliJ IDEA 2021.1.2\bin;C:\Users\\.jssc\wind

VM Arguments:
jvm_args: -XX:TieredStopAtLevel=1 -Xverify:none -Dspring.output.ansi.enabled=always -javaagent:C:\Program Files\JetBrains\IntelliJ IDEA 2021.1.2\lib\idea_rt.jar=63728:C:\Program Files\JetBrains\IntelliJ IDEA 2021.1.2\bin -Dcom.sun.management.jmxremote -Dspring.jmx.enabled=true -Dspring.liveBeansView.mbeanDomain -Dspring.application.admin.enabled=true -Dfile.encoding=UTF-8 
java_command: com.cos.shumstart.ShumStartApplication
java_class_path (initial): C:\Users\\Downloads\SHUM_kiosk-main\target\classes;C:\Users\\.m2\repository\org\springframework\boot\spring-boot-starter-mail\1.4.3.RELEASE\spring-boot-starter-mail-1.4.3.RELEASE.jar;C:\Users\\.m2\repository\org\springframework\boot\spring-boot-starter\2.4.5\spring-boot-starter-2.4.5.jar;C:\Users\\.m2\repository\org\springframework\boot\spring-boot-starter-logging\2.4.5\spring-boot-starter-logging-2.4.5.jar;C:\Users\\.m2\repository\ch\qos\logback\logback-classic\1.2.3\logback-classic-1.2.3.jar;C:\Users\\.m2\repository\ch\qos\logback\logback-core\1.2.3\logback-core-1.2.3.jar;C:\Users\\.m2\repository\org\apache\logging\log4j\log4j-to-slf4j\2.13.3\log4j-to-slf4j-2.13.3.jar;C:\Users\\.m2\repository\org\slf4j\jul-to-slf4j\1.7.30\jul-to-slf4j-1.7.30.jar;C:\Users\\.m2\repository\jakarta\annotation\jakarta.annotation-api\1.3.5\jakarta.annotation-api-1.3.5.jar;C:\Users\\.m2\repository\org\yaml\snakeyaml\1.27\snakeyaml-1.27.jar;C:\Users\\.m2\repository\org\springframework\spring-context\5.3.6\spring-context-5.3.6.jar;C:\Users\\.m2\repository\org\springframework\spring-context-support\5.3.6\spring-context-support-5.3.6.jar;C:\Users\\.m2\repository\com\sun\mail\javax.mail\1.5.6\javax.mail-1.5.6.jar;C:\Users\\.m2\repository\javax\activation\activation\1.1\activation-1.1.jar;C:\Users\\.m2\repository\org\springframework\boot\spring-boot-starter-validation\2.5.4\spring-boot-starter-validation-2.5.4.jar;C:\Users\\.m2\repository\org\apache\tomcat\embed\tomcat-embed-el\9.0.45\tomcat-embed-el-9.0.45.jar;C:\Users\\.m2\repository\org\hibernate\validator\hibernate-validator\6.1.7.Final\hibernate-validator-6.1.7.Final.jar;C:\Users\\.m2\repository\jakarta\validation\jakarta.validation-api\2.0.2\jakarta.validation-api-2.0.2.jar;C:\Users\\.m2\repository\org\jboss\logging\jboss-logging\3.4.1.Final\jboss-logging-3.4.1.Final.jar;C:\Users\\.m2\reposi
Launcher Type: SUN_STANDARD

[Global flags]
     intx CICompilerCount                          = 4                                         {product} {ergonomic}
     uint ConcGCThreads                            = 3                                         {product} {ergonomic}
     uint G1ConcRefinementThreads                  = 10                                        {product} {ergonomic}
   size_t G1HeapRegionSize                         = 2097152                                   {product} {ergonomic}
    uintx GCDrainStackTargetSize                   = 64                                        {product} {ergonomic}
   size_t InitialHeapSize                          = 268435456                                 {product} {ergonomic}
     bool ManagementServer                         = true                                      {product} {command line}
   size_t MarkStackSize                            = 4194304                                   {product} {ergonomic}
   size_t MaxHeapSize                              = 4271898624                                {product} {ergonomic}
   size_t MaxNewSize                               = 2562719744                                {product} {ergonomic}
   size_t MinHeapDeltaBytes                        = 2097152                                   {product} {ergonomic}
   size_t MinHeapSize                              = 8388608                                   {product} {ergonomic}
    uintx NonNMethodCodeHeapSize                   = 7549744                                {pd product} {ergonomic}
    uintx NonProfiledCodeHeapSize                  = 244108496                              {pd product} {ergonomic}
    uintx ProfiledCodeHeapSize                     = 0                                      {pd product} {ergonomic}
    uintx ReservedCodeCacheSize                    = 251658240                              {pd product} {ergonomic}
     bool SegmentedCodeCache                       = true                                      {product} {ergonomic}
   size_t SoftMaxHeapSize                          = 4271898624                             {manageable} {ergonomic}
     intx TieredStopAtLevel                        = 1                                         {product} {command line}
     bool UseCompressedClassPointers               = true                           {product lp64_product} {ergonomic}
     bool UseCompressedOops                        = true                           {product lp64_product} {ergonomic}
     bool UseG1GC                                  = true                                      {product} {ergonomic}
     bool UseLargePagesIndividualAllocation        = false                                  {pd product} {ergonomic}

Logging:
Log output configuration:
 #0: stdout all=warning uptime,level,tags
 #1: stderr all=off uptime,level,tags

Environment Variables:
JAVA_HOME=C:\Program Files\Java\jdk-11.0.11
PATH=C:\Program Files\NVIDIA GPU Computing Toolkit\CUDA\v11.2\bin;C:\Program Files\NVIDIA GPU Computing Toolkit\CUDA\v11.2\libnvvp;;C:\ProgramData\Oracle\Java\javapath;C:\Program Files\Common Files\Oracle\Java\javapath;C:\Windows\system32;C:\Windows;C:\Windows\System32\Wbem;C:\Windows\System32\WindowsPowerShell\v1.0\;C:\Windows\System32\OpenSSH\;C:\Program Files (x86)\NVIDIA Corporation\PhysX\Common;C:\Program Files\Git\cmd;C:\Program Files\Java\jdk-11.0.11\bin;C:\Program Files\nodejs\;C:\Program Files (x86)\IVI Foundation\VISA\WinNT\Bin;C:\Program Files\NVIDIA Corporation\NVIDIA NvDLISR;C:\Program Files\NVIDIA Corporation\Nsight Compute 2020.3.0\;C:\Program Files (x86)\NetSarang\Xshell 7\;C:\Users\\AppData\Local\Microsoft\WindowsApps;;C:\Users\\AppData\Local\Programs\Microsoft VS Code\bin;C:\Users\\AppData\Local\afreeca;C:\Program Files\Bandizip\;C:\Users\\AppData\Roaming\npm;C:\Program Files\JetBrains\PyCharm Community Edition 2021.2.3\bin;;C:\Program Files\CMake\bin
USERNAME=
OS=Windows_NT
PROCESSOR_IDENTIFIER=AMD64 Family 25 Model 33 Stepping 0, AuthenticAMD



---------------  S Y S T E M  ---------------

OS:
 Windows 10 , 64 bit Build 19041 (10.0.19041.1348)
OS uptime: 3 days 7:32 hours

CPU: total 12 (initial active 12) (12 cores per cpu, 2 threads per core) family 25 model 33 stepping 0 microcode 0x0, cx8, cmov, fxsr, ht, mmx, 3dnowpref, sse, sse2, sse3, ssse3, sse4a, sse4.1, sse4.2, popcnt, lzcnt, tsc, tscinvbit, avx, avx2, aes, erms, clmul, bmi1, bmi2, adx, sha, fma, vzeroupper, clflush, clflushopt

Memory: 4k page, system-wide physical 16292M (6423M free)
TotalPageFile size 20147M (AvailPageFile size 2897M)
current process WorkingSet (physical memory assigned to process): 233M, peak: 233M
current process commit charge ("private bytes"): 280M, peak: 385M

vm_info: Java HotSpot(TM) 64-Bit Server VM (16.0.1+9-24) for windows-amd64 JRE (16.0.1+9-24), built on Mar 26 2021 19:31:42 by "mach5one" with MS VC++ 16.7 (VS2019)

END.
